#:C9     
#Xilinx FPGA Editor Command Log File
#Editor Version:
#:V   NT M2.1 P.20131013
#Current Working Directory:
#:D   C:\Users\tahae\AppData\Roaming\Xilinx\PlanAhead
#Date/Time:
#:T   Mon Mar 21 20:08:14 2016
#------------------------------
	#Reading C:/Users/tahae/Desktop/FPGA/FPGA/FPGA.runs/impl_1/TopModule_routed.ncd...
	#Loading device for application Rf_Device from file '6slx9.nph' in environment C:\Xilinx\14.7\ISE_DS\ISE\.
	#   "TopModule" is an NCD, version 3.2, device xc6slx9, package tqg144, speed -3
	#Design creation date: 2016.03.21.15.36.31
	#Building chip graphics...
	#Loading speed info...
	#1
setattr main edit-mode no-logic-changes
	#2
unselect -all
	#3
unselect -all
	#4
unselect -all
	#5
select site 'SLICE_X16Y25'
	#site "SLICE_X16Y25",  type = SLICEM  (RPM grid X57Y100)
	#6
unselect -all
	#7
unselect -all
	#8
select site 'MCB_X0Y1'
	#site "MCB_X0Y1",  type = MCB  (RPM grid X1Y186)
	#9
unselect -all
	#10
select site 'MCB_X0Y1'
	#site "MCB_X0Y1",  type = MCB  (RPM grid X1Y186)
	#11
post block
	#<P4RDDATA3>.
	#<MCB>.
	#<MCB>.
	#12
unselect -all
	#13
unselect -all
	#14
unselect -all
